<?xml version="1.0" encoding="UTF-8"?>
<!-- Generated by org.testng.reporters.JUnitReportReporter -->
<testsuite skipped="0" hostname="DESKTOP-GN08MLA" name="com.FBTest" tests="1" failures="0" timestamp="2021-03-22T16:00:47 EDT" time="6.070" errors="0">
  <testcase name="FBTitleTest" time="6.070" classname="com.FBTest"/>
  <system-out/>
</testsuite> <!-- com.FBTest -->
